빌드 시작: 2015-07-24 오후 5:58:44
     1>3 노드의 "C:\Users\Administrator\Documents\Visual Studio 2013\Projects\DumpAnalysisTool\DumpReaderDLL\DumpReaderDLL.vcxproj" 프로젝트(Rebuild 대상)입니다.
     1>ClCompile:
         C:\Program Files (x86)\Microsoft Visual Studio 12.0\VC\bin\CL.exe /c /I.\Source /AI"C:\Program Files (x86)\Reference Assemblies\Microsoft\Framework\.NETFramework\v4.0" /AI"C:\Program Files (x86)\Windows Kits\8.1\References\CommonConfiguration\Neutral" /Zi /clr /nologo /W3 /WX- /sdl /Od /Oy- /D WIN32 /D _DEBUG /D _WINDOWS /D _USRDLL /D DUMPREADERDLL_EXPORTS /D _CRT_SECURE_NO_WARNINGS /D _WINDLL /D _UNICODE /D UNICODE /Gm- /MDd /GS /Gy /fp:precise /Zc:wchar_t /Zc:forScope /Yc"stdafx.h" /Fp"Debug\DumpReaderDLL.pch" /Fo"Debug\\" /Fd"Debug\vc120.pdb" /Gd /TP /FU"C:\Program Files (x86)\Reference Assemblies\Microsoft\Framework\.NETFramework\v4.0\mscorlib.dll" /analyze- /errorReport:prompt /clr:nostdlib stdafx.cpp
         stdafx.cpp
         C:\Program Files (x86)\Microsoft Visual Studio 12.0\VC\bin\CL.exe /c /I.\Source /Zi /nologo /W3 /WX- /sdl /Od /Oy- /D WIN32 /D _DEBUG /D _WINDOWS /D _USRDLL /D DUMPREADERDLL_EXPORTS /D _CRT_SECURE_NO_WARNINGS /D _WINDLL /D _UNICODE /D UNICODE /Gm- /MDd /GS /Gy /fp:precise /Zc:wchar_t /Zc:forScope /Fo"Debug\\" /Fd"Debug\vc120.pdb" /Gd /TP /analyze- /errorReport:prompt dllmain.cpp
         dllmain.cpp
     1>C:\Program Files (x86)\Microsoft Visual Studio 12.0\VC\include\xlocale(337): warning C4530: C++ 예외 처리기가 사용되었지만 해제 의미 체계가 활성화되지 않았습니다. /EHsc를 지정하십시오.
         C:\Program Files (x86)\Microsoft Visual Studio 12.0\VC\bin\CL.exe /c /I.\Source /AI"C:\Program Files (x86)\Reference Assemblies\Microsoft\Framework\.NETFramework\v4.0" /AI"C:\Program Files (x86)\Windows Kits\8.1\References\CommonConfiguration\Neutral" /Zi /clr /nologo /W3 /WX- /sdl /Od /Oy- /D WIN32 /D _DEBUG /D _WINDOWS /D _USRDLL /D DUMPREADERDLL_EXPORTS /D _CRT_SECURE_NO_WARNINGS /D _WINDLL /D _UNICODE /D UNICODE /Gm- /MDd /GS /Gy /fp:precise /Zc:wchar_t /Zc:forScope /Yu"stdafx.h" /Fp"Debug\DumpReaderDLL.pch" /Fo"Debug\\" /Fd"Debug\vc120.pdb" /Gd /TP /FU"C:\Program Files (x86)\Reference Assemblies\Microsoft\Framework\.NETFramework\v4.0\mscorlib.dll" /analyze- /errorReport:prompt /clr:nostdlib DumpReaderDLL.cpp Source\DumpFile.cpp Symbols.cpp ToolCallStack.cpp ToolInfo.cpp Utility.cpp
         DumpReaderDLL.cpp
         DumpFile.cpp
         Symbols.cpp
         ToolCallStack.cpp
     1>ToolCallStack.cpp(43): warning C4244: '초기화 중' : 'const ULONG64'에서 'uint32'(으)로 변환하면서 데이터가 손실될 수 있습니다.
     1>ToolCallStack.cpp(148): warning C4018: '<' : signed 또는 unsigned가 일치하지 않습니다.
         ToolInfo.cpp
         Utility.cpp
         코드를 생성하고 있습니다...
       Link:
         C:\Program Files (x86)\Microsoft Visual Studio 12.0\VC\bin\link.exe /ERRORREPORT:PROMPT /OUT:"C:\Users\Administrator\Documents\Visual Studio 2013\Projects\DumpAnalysisTool\Debug\DumpReaderDLL.dll" /INCREMENTAL /NOLOGO kernel32.lib user32.lib gdi32.lib winspool.lib comdlg32.lib advapi32.lib shell32.lib ole32.lib oleaut32.lib uuid.lib odbc32.lib odbccp32.lib dbghelp.lib MSVCRTD.LIB kernel32.lib user32.lib gdi32.lib winspool.lib comdlg32.lib advapi32.lib shell32.lib ole32.lib oleaut32.lib uuid.lib odbc32.lib odbccp32.lib /MANIFEST /MANIFESTUAC:"level='asInvoker' uiAccess='false'" /manifest:embed /DEBUG /PDB:"C:\Users\Administrator\Documents\Visual Studio 2013\Projects\DumpAnalysisTool\Debug\DumpReaderDLL.pdb" /SUBSYSTEM:WINDOWS /TLBID:1 /DYNAMICBASE /NXCOMPAT /IMPLIB:"C:\Users\Administrator\Documents\Visual Studio 2013\Projects\DumpAnalysisTool\Debug\DumpReaderDLL.lib" /MACHINE:X86 /DLL Debug\dllmain.obj
         Debug\DumpReaderDLL.obj
         Debug\DumpFile.obj
         Debug\stdafx.obj
         Debug\Symbols.obj
         Debug\ToolCallStack.obj
         Debug\ToolInfo.obj
         Debug\Utility.obj
            C:\Users\Administrator\Documents\Visual Studio 2013\Projects\DumpAnalysisTool\Debug\DumpReaderDLL.lib 라이브러리 및 C:\Users\Administrator\Documents\Visual Studio 2013\Projects\DumpAnalysisTool\Debug\DumpReaderDLL.exp 개체를 생성하고 있습니다.
         DumpReaderDLL.vcxproj -> C:\Users\Administrator\Documents\Visual Studio 2013\Projects\DumpAnalysisTool\Debug\DumpReaderDLL.dll
     1>"C:\Users\Administrator\Documents\Visual Studio 2013\Projects\DumpAnalysisTool\DumpReaderDLL\DumpReaderDLL.vcxproj" 프로젝트를 빌드했습니다(Rebuild 대상).

빌드했습니다.

경과 시간: 00:00:04.88
